  webServicesManager.cpp
D:\develop\openframeworks\of_v0.9.8_vs_release\addons\ofxIO\libs\ofxIO\include\ofx/RecursiveDirectoryIteratorImpl.h(142): warning C4267: 'return': conversion from 'size_t' to 'Poco::UInt16', possible loss of data
  D:\develop\openframeworks\of_v0.9.8_vs_release\addons\ofxIO\libs\ofxIO\include\ofx/RecursiveDirectoryIteratorImpl.h(141): note: while compiling class template member function 'Poco::UInt16 ofx::RecursiveDirectoryIteratorImpl<TTravStr>::depthFun(const ofx::RecursiveDirectoryIteratorImpl<TTravStr>::Stack &)'
          with
          [
              TTravStr=ofx::ChildrenFirstTraverse
          ]
  D:\develop\openframeworks\of_v0.9.8_vs_release\addons\ofxIO\libs\ofxIO\include\ofx/RecursiveDirectoryIteratorImpl.h(153): note: see reference to function template instantiation 'Poco::UInt16 ofx::RecursiveDirectoryIteratorImpl<TTravStr>::depthFun(const ofx::RecursiveDirectoryIteratorImpl<TTravStr>::Stack &)' being compiled
          with
          [
              TTravStr=ofx::ChildrenFirstTraverse
          ]
  D:\develop\openframeworks\of_v0.9.8_vs_release\addons\ofxIO\libs\ofxIO\include\ofx/RecursiveDirectoryIteratorImpl.h(152): note: while compiling class template member function 'ofx::RecursiveDirectoryIteratorImpl<TTravStr>::RecursiveDirectoryIteratorImpl(const std::string &,Poco::UInt16)'
          with
          [
              TTravStr=ofx::ChildrenFirstTraverse
          ]
  D:\develop\openframeworks\of_v0.9.8_vs_release\addons\ofxIO\libs\ofxIO\include\ofx/RecursiveDirectoryIterator.h(306): note: see reference to function template instantiation 'ofx::RecursiveDirectoryIteratorImpl<TTravStr>::RecursiveDirectoryIteratorImpl(const std::string &,Poco::UInt16)' being compiled
          with
          [
              TTravStr=ofx::ChildrenFirstTraverse
          ]
  D:\develop\openframeworks\of_v0.9.8_vs_release\addons\ofxIO\libs\ofxIO\include\ofx/RecursiveDirectoryIterator.h(306): note: see reference to class template instantiation 'ofx::RecursiveDirectoryIteratorImpl<TTravStr>' being compiled
          with
          [
              TTravStr=ofx::ChildrenFirstTraverse
          ]
  D:\develop\openframeworks\of_v0.9.8_vs_release\addons\ofxIO\libs\ofxIO\include\ofx/RecursiveDirectoryIterator.h(306): note: while compiling class template member function 'ofx::RecursiveDirectoryIterator<ofx::ChildrenFirstTraverse>::RecursiveDirectoryIterator(const Poco::Path &,Poco::UInt16)'
  D:\develop\openframeworks\of_v0.9.8_vs_release\addons\ofxIO\libs\ofxIO\include\ofx/RecursiveDirectoryIterator.h(400): note: see reference to class template instantiation 'ofx::RecursiveDirectoryIterator<ofx::ChildrenFirstTraverse>' being compiled
D:\develop\openframeworks\of_v0.9.8_vs_release\addons\ofxJSONRPC\libs\ofxHTTP\include\ofx/HTTP/JSONRPCServer.h(206): warning C4101: 'exc': unreferenced local variable
  D:\develop\openframeworks\of_v0.9.8_vs_release\addons\ofxJSONRPC\libs\ofxHTTP\include\ofx/HTTP/JSONRPCServer.h(190): note: while compiling class template member function 'bool ofx::HTTP::JSONRPCServer_<ofx::HTTP::SimpleSessionStore>::onWebSocketFrameReceivedEvent(ofx::HTTP::WebSocketFrameEventArgs &)'
  D:\develop\openframeworks\of_v0.9.8_vs_release\addons\ofxHTTP\libs\ofxHTTP\include\ofx/HTTP/WebSocketRoute.h(242): note: see reference to function template instantiation 'bool ofx::HTTP::JSONRPCServer_<ofx::HTTP::SimpleSessionStore>::onWebSocketFrameReceivedEvent(ofx::HTTP::WebSocketFrameEventArgs &)' being compiled
  D:\develop\openframeworks\of_v0.9.8_vs_release\addons\ofxJSONRPC\libs\ofxHTTP\include\ofx/HTTP/JSONRPCServer.h(126): note: see reference to function template instantiation 'void ofx::HTTP::PostRoute::registerPostEvents<ofx::HTTP::JSONRPCServer_<ofx::HTTP::SimpleSessionStore>>(ListenerClass *,int)' being compiled
          with
          [
              ListenerClass=ofx::HTTP::JSONRPCServer_<ofx::HTTP::SimpleSessionStore>
          ]
  D:\develop\openframeworks\of_v0.9.8_vs_release\addons\ofxJSONRPC\libs\ofxHTTP\include\ofx/HTTP/JSONRPCServer.h(116): note: while compiling class template member function 'ofx::HTTP::JSONRPCServer_<ofx::HTTP::SimpleSessionStore>::JSONRPCServer_(const ofx::HTTP::JSONRPCServer_<ofx::HTTP::SimpleSessionStore>::Settings &)'
  src\webServicesManager.cpp(6): note: see reference to function template instantiation 'ofx::HTTP::JSONRPCServer_<ofx::HTTP::SimpleSessionStore>::JSONRPCServer_(const ofx::HTTP::JSONRPCServer_<ofx::HTTP::SimpleSessionStore>::Settings &)' being compiled
  d:\develop\openframeworks\of_v0.9.8_vs_release\apps\weblpquestionaire\tokensmattersapp\src\webServicesManager.h(44): note: see reference to class template instantiation 'ofx::HTTP::JSONRPCServer_<ofx::HTTP::SimpleSessionStore>' being compiled
D:\develop\openframeworks\of_v0.9.8_vs_release\addons\ofxJSONRPC\libs\ofxHTTP\include\ofx/HTTP/JSONRPCServer.h(214): warning C4101: 'exc': unreferenced local variable
D:\develop\openframeworks\of_v0.9.8_vs_release\addons\ofxJSONRPC\libs\ofxHTTP\include\ofx/HTTP/JSONRPCServer.h(275): warning C4101: 'exc': unreferenced local variable
  D:\develop\openframeworks\of_v0.9.8_vs_release\addons\ofxJSONRPC\libs\ofxHTTP\include\ofx/HTTP/JSONRPCServer.h(258): note: while compiling class template member function 'bool ofx::HTTP::JSONRPCServer_<ofx::HTTP::SimpleSessionStore>::onHTTPPostEvent(ofx::HTTP::PostEventArgs &)'
  D:\develop\openframeworks\of_v0.9.8_vs_release\addons\ofxHTTP\libs\ofxHTTP\include\ofx/HTTP/PostRoute.h(154): note: see reference to function template instantiation 'bool ofx::HTTP::JSONRPCServer_<ofx::HTTP::SimpleSessionStore>::onHTTPPostEvent(ofx::HTTP::PostEventArgs &)' being compiled
  tokensmattersApp.vcxproj -> D:\develop\openframeworks\of_v0.9.8_vs_release\apps\webLPQuestionaire\tokensmattersApp\bin\tokensmattersApp_debug.exe
  tokensmattersApp.vcxproj -> bin\tokensmattersApp_debug.pdb (Full PDB)
  
  	                   9	D:\develop\openframeworks\of_v0.9.8_vs_release\export\vs\Win32\
