d:\develop\openframeworks\of_v0.9.8_vs_release\apps\mylocalprojects\tokensmatters\tokensmattersapp\obj\debug\baseserver.obj
d:\develop\openframeworks\of_v0.9.8_vs_release\apps\mylocalprojects\tokensmatters\tokensmattersapp\obj\debug\cookie.obj
d:\develop\openframeworks\of_v0.9.8_vs_release\apps\mylocalprojects\tokensmatters\tokensmattersapp\obj\debug\defaultclientsessionprovider.obj
d:\develop\openframeworks\of_v0.9.8_vs_release\apps\mylocalprojects\tokensmatters\tokensmattersapp\obj\debug\defaultresponsestreamfilter.obj
d:\develop\openframeworks\of_v0.9.8_vs_release\apps\mylocalprojects\tokensmatters\tokensmattersapp\obj\debug\postroute.obj
d:\develop\openframeworks\of_v0.9.8_vs_release\apps\mylocalprojects\tokensmatters\tokensmattersapp\obj\debug\websocketextensions.obj
d:\develop\openframeworks\of_v0.9.8_vs_release\apps\mylocalprojects\tokensmatters\tokensmattersapp\obj\debug\bytebufferreader.obj
d:\develop\openframeworks\of_v0.9.8_vs_release\apps\mylocalprojects\tokensmatters\tokensmattersapp\obj\debug\directoryfilter.obj
d:\develop\openframeworks\of_v0.9.8_vs_release\apps\mylocalprojects\tokensmatters\tokensmattersapp\obj\debug\hexbinaryencoding.obj
d:\develop\openframeworks\of_v0.9.8_vs_release\apps\mylocalprojects\tokensmatters\tokensmattersapp\obj\debug\searchpath.obj
d:\develop\openframeworks\of_v0.9.8_vs_release\apps\mylocalprojects\tokensmatters\tokensmattersapp\obj\debug\jsonrpcserver.obj
d:\develop\openframeworks\of_v0.9.8_vs_release\apps\mylocalprojects\tokensmatters\tokensmattersapp\obj\debug\ofapp.obj
d:\develop\openframeworks\of_v0.9.8_vs_release\apps\mylocalprojects\tokensmatters\tokensmattersapp\obj\debug\filesystemroute.obj
d:\develop\openframeworks\of_v0.9.8_vs_release\apps\mylocalprojects\tokensmatters\tokensmattersapp\obj\debug\postrequest.obj
d:\develop\openframeworks\of_v0.9.8_vs_release\apps\mylocalprojects\tokensmatters\tokensmattersapp\obj\debug\simplepostserver.obj
d:\develop\openframeworks\of_v0.9.8_vs_release\apps\mylocalprojects\tokensmatters\tokensmattersapp\obj\debug\bytebufferstream.obj
d:\develop\openframeworks\of_v0.9.8_vs_release\apps\mylocalprojects\tokensmatters\tokensmattersapp\obj\debug\directoryutils.obj
d:\develop\openframeworks\of_v0.9.8_vs_release\apps\mylocalprojects\tokensmatters\tokensmattersapp\obj\debug\uriencoding.obj
d:\develop\openframeworks\of_v0.9.8_vs_release\apps\mylocalprojects\tokensmatters\tokensmattersapp\obj\debug\errors.obj
d:\develop\openframeworks\of_v0.9.8_vs_release\apps\mylocalprojects\tokensmatters\tokensmattersapp\obj\debug\response.obj
d:\develop\openframeworks\of_v0.9.8_vs_release\apps\mylocalprojects\tokensmatters\tokensmattersapp\obj\debug\baseclient.obj
d:\develop\openframeworks\of_v0.9.8_vs_release\apps\mylocalprojects\tokensmatters\tokensmattersapp\obj\debug\cookiestore.obj
d:\develop\openframeworks\of_v0.9.8_vs_release\apps\mylocalprojects\tokensmatters\tokensmattersapp\obj\debug\cookieutils.obj
d:\develop\openframeworks\of_v0.9.8_vs_release\apps\mylocalprojects\tokensmatters\tokensmattersapp\obj\debug\credentials.obj
d:\develop\openframeworks\of_v0.9.8_vs_release\apps\mylocalprojects\tokensmatters\tokensmattersapp\obj\debug\defaultclient.obj
d:\develop\openframeworks\of_v0.9.8_vs_release\apps\mylocalprojects\tokensmatters\tokensmattersapp\obj\debug\defaultredirectprocessor.obj
d:\develop\openframeworks\of_v0.9.8_vs_release\apps\mylocalprojects\tokensmatters\tokensmattersapp\obj\debug\oauth20credentials.obj
d:\develop\openframeworks\of_v0.9.8_vs_release\apps\mylocalprojects\tokensmatters\tokensmattersapp\obj\debug\proxysettings.obj
d:\develop\openframeworks\of_v0.9.8_vs_release\apps\mylocalprojects\tokensmatters\tokensmattersapp\obj\debug\sessionstore.obj
d:\develop\openframeworks\of_v0.9.8_vs_release\apps\mylocalprojects\tokensmatters\tokensmattersapp\obj\debug\websocketconnection.obj
d:\develop\openframeworks\of_v0.9.8_vs_release\apps\mylocalprojects\tokensmatters\tokensmattersapp\obj\debug\bytebufferwriter.obj
d:\develop\openframeworks\of_v0.9.8_vs_release\apps\mylocalprojects\tokensmatters\tokensmattersapp\obj\debug\directorywatcher.obj
d:\develop\openframeworks\of_v0.9.8_vs_release\apps\mylocalprojects\tokensmatters\tokensmattersapp\obj\debug\pathfiltercollection.obj
d:\develop\openframeworks\of_v0.9.8_vs_release\apps\mylocalprojects\tokensmatters\tokensmattersapp\obj\debug\snappy-sinksource.obj
d:\develop\openframeworks\of_v0.9.8_vs_release\apps\mylocalprojects\tokensmatters\tokensmattersapp\obj\debug\snappy-stubs-internal.obj
d:\develop\openframeworks\of_v0.9.8_vs_release\apps\mylocalprojects\tokensmatters\tokensmattersapp\obj\debug\error.obj
d:\develop\openframeworks\of_v0.9.8_vs_release\apps\mylocalprojects\tokensmatters\tokensmattersapp\obj\debug\request.obj
d:\develop\openframeworks\of_v0.9.8_vs_release\apps\mylocalprojects\tokensmatters\tokensmattersapp\obj\debug\baseroute.obj
d:\develop\openframeworks\of_v0.9.8_vs_release\apps\mylocalprojects\tokensmatters\tokensmattersapp\obj\debug\clientsessionsettings.obj
d:\develop\openframeworks\of_v0.9.8_vs_release\apps\mylocalprojects\tokensmatters\tokensmattersapp\obj\debug\defaultclientheaders.obj
d:\develop\openframeworks\of_v0.9.8_vs_release\apps\mylocalprojects\tokensmatters\tokensmattersapp\obj\debug\defaultcookieprocessor.obj
d:\develop\openframeworks\of_v0.9.8_vs_release\apps\mylocalprojects\tokensmatters\tokensmattersapp\obj\debug\httputils.obj
d:\develop\openframeworks\of_v0.9.8_vs_release\apps\mylocalprojects\tokensmatters\tokensmattersapp\obj\debug\progressmonitor.obj
d:\develop\openframeworks\of_v0.9.8_vs_release\apps\mylocalprojects\tokensmatters\tokensmattersapp\obj\debug\session.obj
d:\develop\openframeworks\of_v0.9.8_vs_release\apps\mylocalprojects\tokensmatters\tokensmattersapp\obj\debug\uribuilder.obj
d:\develop\openframeworks\of_v0.9.8_vs_release\apps\mylocalprojects\tokensmatters\tokensmattersapp\obj\debug\websocketroute.obj
d:\develop\openframeworks\of_v0.9.8_vs_release\apps\mylocalprojects\tokensmatters\tokensmattersapp\obj\debug\linkfilter.obj
d:\develop\openframeworks\of_v0.9.8_vs_release\apps\mylocalprojects\tokensmatters\tokensmattersapp\obj\debug\slipencoding.obj
d:\develop\openframeworks\of_v0.9.8_vs_release\apps\mylocalprojects\tokensmatters\tokensmattersapp\obj\debug\basemessage.obj
d:\develop\openframeworks\of_v0.9.8_vs_release\apps\mylocalprojects\tokensmatters\tokensmattersapp\obj\debug\mediatypemap.obj
d:\develop\openframeworks\of_v0.9.8_vs_release\apps\mylocalprojects\tokensmatters\tokensmattersapp\obj\debug\main.obj
d:\develop\openframeworks\of_v0.9.8_vs_release\apps\mylocalprojects\tokensmatters\tokensmattersapp\obj\debug\getrequest.obj
d:\develop\openframeworks\of_v0.9.8_vs_release\apps\mylocalprojects\tokensmatters\tokensmattersapp\obj\debug\oauth10requestfilter.obj
d:\develop\openframeworks\of_v0.9.8_vs_release\apps\mylocalprojects\tokensmatters\tokensmattersapp\obj\debug\simpleipvideoserver.obj
d:\develop\openframeworks\of_v0.9.8_vs_release\apps\mylocalprojects\tokensmatters\tokensmattersapp\obj\debug\bytebuffer.obj
d:\develop\openframeworks\of_v0.9.8_vs_release\apps\mylocalprojects\tokensmatters\tokensmattersapp\obj\debug\devicefilter.obj
d:\develop\openframeworks\of_v0.9.8_vs_release\apps\mylocalprojects\tokensmatters\tokensmattersapp\obj\debug\fileextensionfilter.obj
d:\develop\openframeworks\of_v0.9.8_vs_release\apps\mylocalprojects\tokensmatters\tokensmattersapp\obj\debug\recursivedirectoryiteratorstategies.obj
d:\develop\openframeworks\of_v0.9.8_vs_release\apps\mylocalprojects\tokensmatters\tokensmattersapp\obj\debug\jsoncpp.obj
d:\develop\openframeworks\of_v0.9.8_vs_release\apps\mylocalprojects\tokensmatters\tokensmattersapp\obj\debug\methodregistry.obj
d:\develop\openframeworks\of_v0.9.8_vs_release\apps\mylocalprojects\tokensmatters\tokensmattersapp\obj\debug\baserequest.obj
d:\develop\openframeworks\of_v0.9.8_vs_release\apps\mylocalprojects\tokensmatters\tokensmattersapp\obj\debug\clientprogressstream.obj
d:\develop\openframeworks\of_v0.9.8_vs_release\apps\mylocalprojects\tokensmatters\tokensmattersapp\obj\debug\defaultclienttask.obj
d:\develop\openframeworks\of_v0.9.8_vs_release\apps\mylocalprojects\tokensmatters\tokensmattersapp\obj\debug\ipvideoframe.obj
d:\develop\openframeworks\of_v0.9.8_vs_release\apps\mylocalprojects\tokensmatters\tokensmattersapp\obj\debug\putrequest.obj
d:\develop\openframeworks\of_v0.9.8_vs_release\apps\mylocalprojects\tokensmatters\tokensmattersapp\obj\debug\simplewebsocketserver.obj
d:\develop\openframeworks\of_v0.9.8_vs_release\apps\mylocalprojects\tokensmatters\tokensmattersapp\obj\debug\cobsencoding.obj
d:\develop\openframeworks\of_v0.9.8_vs_release\apps\mylocalprojects\tokensmatters\tokensmattersapp\obj\debug\directorywatchermanager.obj
d:\develop\openframeworks\of_v0.9.8_vs_release\apps\mylocalprojects\tokensmatters\tokensmattersapp\obj\debug\jsonrpcutils.obj
d:\develop\openframeworks\of_v0.9.8_vs_release\apps\mylocalprojects\tokensmatters\tokensmattersapp\obj\debug\ipaddressrange.obj
d:\develop\openframeworks\of_v0.9.8_vs_release\apps\mylocalprojects\tokensmatters\tokensmattersapp\obj\debug\baseresponse.obj
d:\develop\openframeworks\of_v0.9.8_vs_release\apps\mylocalprojects\tokensmatters\tokensmattersapp\obj\debug\context.obj
d:\develop\openframeworks\of_v0.9.8_vs_release\apps\mylocalprojects\tokensmatters\tokensmattersapp\obj\debug\defaultclienttaskqueue.obj
d:\develop\openframeworks\of_v0.9.8_vs_release\apps\mylocalprojects\tokensmatters\tokensmattersapp\obj\debug\ipvideoroute.obj
d:\develop\openframeworks\of_v0.9.8_vs_release\apps\mylocalprojects\tokensmatters\tokensmattersapp\obj\debug\simplefileserver.obj
d:\develop\openframeworks\of_v0.9.8_vs_release\apps\mylocalprojects\tokensmatters\tokensmattersapp\obj\debug\lz4.obj
d:\develop\openframeworks\of_v0.9.8_vs_release\apps\mylocalprojects\tokensmatters\tokensmattersapp\obj\debug\base64encoding.obj
d:\develop\openframeworks\of_v0.9.8_vs_release\apps\mylocalprojects\tokensmatters\tokensmattersapp\obj\debug\compression.obj
d:\develop\openframeworks\of_v0.9.8_vs_release\apps\mylocalprojects\tokensmatters\tokensmattersapp\obj\debug\recursivedirectoryiterator.obj
d:\develop\openframeworks\of_v0.9.8_vs_release\apps\mylocalprojects\tokensmatters\tokensmattersapp\obj\debug\snappy.obj
d:\develop\openframeworks\of_v0.9.8_vs_release\apps\mylocalprojects\tokensmatters\tokensmattersapp\obj\debug\methodargs.obj
d:\develop\openframeworks\of_v0.9.8_vs_release\apps\mylocalprojects\tokensmatters\tokensmattersapp\obj\debug\ofsslmanager.obj
d:\develop\openframeworks\of_v0.9.8_vs_release\apps\mylocalprojects\tokensmatters\tokensmattersapp\obj\debug\authscope.obj
d:\develop\openframeworks\of_v0.9.8_vs_release\apps\mylocalprojects\tokensmatters\tokensmattersapp\obj\debug\clientevents.obj
d:\develop\openframeworks\of_v0.9.8_vs_release\apps\mylocalprojects\tokensmatters\tokensmattersapp\obj\debug\credentialstore.obj
d:\develop\openframeworks\of_v0.9.8_vs_release\apps\mylocalprojects\tokensmatters\tokensmattersapp\obj\debug\defaultproxyprocessor.obj
d:\develop\openframeworks\of_v0.9.8_vs_release\apps\mylocalprojects\tokensmatters\tokensmattersapp\obj\debug\oauth10credentials.obj
d:\develop\openframeworks\of_v0.9.8_vs_release\apps\mylocalprojects\tokensmatters\tokensmattersapp\obj\debug\requesthandleradapter.obj
d:\develop\openframeworks\of_v0.9.8_vs_release\apps\mylocalprojects\tokensmatters\tokensmattersapp\obj\debug\threadsettings.obj
d:\develop\openframeworks\of_v0.9.8_vs_release\apps\mylocalprojects\tokensmatters\tokensmattersapp\obj\debug\websocketframe.obj
d:\develop\openframeworks\of_v0.9.8_vs_release\apps\mylocalprojects\tokensmatters\tokensmattersapp\obj\debug\bytebufferutils.obj
d:\develop\openframeworks\of_v0.9.8_vs_release\apps\mylocalprojects\tokensmatters\tokensmattersapp\obj\debug\hiddenfilefilter.obj
d:\develop\openframeworks\of_v0.9.8_vs_release\apps\mylocalprojects\tokensmatters\tokensmattersapp\obj\debug\regexpathfilter.obj
d:\develop\openframeworks\of_v0.9.8_vs_release\apps\mylocalprojects\tokensmatters\tokensmattersapp\obj\debug\ofxjsonelement.obj
d:\develop\openframeworks\of_v0.9.8_vs_release\apps\mylocalprojects\tokensmatters\tokensmattersapp\obj\debug\networkinterfacelistener.obj
d:\develop\openframeworks\of_v0.9.8_vs_release\apps\mylocalprojects\tokensmatters\tokensmattersapp\obj\debug\networkutils.obj
d:\develop\openframeworks\of_v0.9.8_vs_release\apps\mylocalprojects\tokensmatters\tokensmattersapp\obj\debug\vc140.pdb
d:\develop\openframeworks\of_v0.9.8_vs_release\apps\mylocalprojects\tokensmatters\tokensmattersapp\obj\debug\questionrestful.obj
d:\develop\openframeworks\of_v0.9.8_vs_release\apps\mylocalprojects\tokensmatters\tokensmattersapp\bin\tokensmattersapp_debug.ilk
d:\develop\openframeworks\of_v0.9.8_vs_release\apps\mylocalprojects\tokensmatters\tokensmattersapp\bin\tokensmattersapp_debug.exe
d:\develop\openframeworks\of_v0.9.8_vs_release\apps\mylocalprojects\tokensmatters\tokensmattersapp\bin\tokensmattersapp_debug.pdb
d:\develop\openframeworks\of_v0.9.8_vs_release\apps\mylocalprojects\tokensmatters\tokensmattersapp\obj\debug\icon.res
d:\develop\openframeworks\of_v0.9.8_vs_release\apps\mylocalprojects\tokensmatters\tokensmattersapp\bin\tokensmattersapp_debug.lib
d:\develop\openframeworks\of_v0.9.8_vs_release\apps\mylocalprojects\tokensmatters\tokensmattersapp\bin\tokensmattersapp_debug.exp
d:\develop\openframeworks\of_v0.9.8_vs_release\apps\mylocalprojects\tokensmatters\tokensmattersapp\obj\debug\tokensmattersapp.vcxprojresolveassemblyreference.cache
d:\develop\openframeworks\of_v0.9.8_vs_release\apps\mylocalprojects\tokensmatters\tokensmattersapp\obj\debug\tokensmattersapp.tlog\cl.command.1.tlog
d:\develop\openframeworks\of_v0.9.8_vs_release\apps\mylocalprojects\tokensmatters\tokensmattersapp\obj\debug\tokensmattersapp.tlog\cl.read.1.tlog
d:\develop\openframeworks\of_v0.9.8_vs_release\apps\mylocalprojects\tokensmatters\tokensmattersapp\obj\debug\tokensmattersapp.tlog\cl.write.1.tlog
d:\develop\openframeworks\of_v0.9.8_vs_release\apps\mylocalprojects\tokensmatters\tokensmattersapp\obj\debug\tokensmattersapp.tlog\link.command.1.tlog
d:\develop\openframeworks\of_v0.9.8_vs_release\apps\mylocalprojects\tokensmatters\tokensmattersapp\obj\debug\tokensmattersapp.tlog\link.read.1.tlog
d:\develop\openframeworks\of_v0.9.8_vs_release\apps\mylocalprojects\tokensmatters\tokensmattersapp\obj\debug\tokensmattersapp.tlog\link.write.1.tlog
d:\develop\openframeworks\of_v0.9.8_vs_release\apps\mylocalprojects\tokensmatters\tokensmattersapp\obj\debug\tokensmattersapp.tlog\rc.command.1.tlog
d:\develop\openframeworks\of_v0.9.8_vs_release\apps\mylocalprojects\tokensmatters\tokensmattersapp\obj\debug\tokensmattersapp.tlog\rc.read.1.tlog
d:\develop\openframeworks\of_v0.9.8_vs_release\apps\mylocalprojects\tokensmatters\tokensmattersapp\obj\debug\tokensmattersapp.tlog\rc.write.1.tlog
d:\develop\openframeworks\of_v0.9.8_vs_release\apps\mylocalprojects\tokensmatters\tokensmattersapp\obj\debug\tokensmattersapp.tlog\tokensmattersapp.write.1u.tlog
